[debug] [2022-11-28T09:40:55.118Z] ----------------------------------------------------------------------
[debug] [2022-11-28T09:40:55.120Z] Command:       C:\Program Files\nodejs\node.exe C:\Users\User\AppData\Roaming\npm\node_modules\firebase-tools\lib\bin\firebase.js init
[debug] [2022-11-28T09:40:55.121Z] CLI Version:   11.13.0
[debug] [2022-11-28T09:40:55.121Z] Platform:      win32
[debug] [2022-11-28T09:40:55.121Z] Node Version:  v16.17.1
[debug] [2022-11-28T09:40:55.123Z] Time:          Mon Nov 28 2022 11:40:55 GMT+0200 (Osteuropäische Normalzeit)
[debug] [2022-11-28T09:40:55.123Z] ----------------------------------------------------------------------
[debug] 
[debug] [2022-11-28T09:40:55.237Z] > command requires scopes: ["email","openid","https://www.googleapis.com/auth/cloudplatformprojects.readonly","https://www.googleapis.com/auth/firebase","https://www.googleapis.com/auth/cloud-platform"]
[debug] [2022-11-28T09:40:55.238Z] > authorizing via signed-in user (jankompatscher@gmail.com)
[info] 
     ######## #### ########  ######## ########     ###     ######  ########
     ##        ##  ##     ## ##       ##     ##  ##   ##  ##       ##
     ######    ##  ########  ######   ########  #########  ######  ######
     ##        ##  ##    ##  ##       ##     ## ##     ##       ## ##
     ##       #### ##     ## ######## ########  ##     ##  ######  ########

You're about to initialize a Firebase project in this directory:

  c:\Dev\eniemi

Before we get started, keep in mind:

  * You are currently outside your home directory
  * You are initializing within an existing Firebase project directory

